This is pdfTeX, Version 3.14159265-2.6-1.40.21 (MiKTeX 2.9.7440 64-bit) (preloaded format=pdflatex 2020.6.15)  13 JAN 2021 15:39
entering extended mode
**./Radar_Musical_Instrument_Paper.tex
(Radar_Musical_Instrument_Paper.tex
LaTeX2e <2020-02-02> patch level 5
L3 programming layer <2020-06-03> (IEEEtran.cls
Document Class: IEEEtran 2015/08/26 V1.8b by Michael Shell
-- See the "IEEEtran_HOWTO" manual for usage information.
-- http://www.michaelshell.org/tex/ieeetran/
\@IEEEtrantmpdimenA=\dimen134
\@IEEEtrantmpdimenB=\dimen135
\@IEEEtrantmpdimenC=\dimen136
\@IEEEtrantmpcountA=\count167
\@IEEEtrantmpcountB=\count168
\@IEEEtrantmpcountC=\count169
\@IEEEtrantmptoksA=\toks15
LaTeX Font Info:    Trying to load font information for OT1+ptm on input line 5
03.
("C:\Program Files\MiKTeX 2.9\tex/latex/psnfss\ot1ptm.fd"
File: ot1ptm.fd 2001/06/04 font definitions for OT1/ptm.
)
-- Using 8.5in x 11in (letter) paper.
-- Using PDF output.
\@IEEEnormalsizeunitybaselineskip=\dimen137
-- This is a 10 point document.
\CLASSINFOnormalsizebaselineskip=\dimen138
\CLASSINFOnormalsizeunitybaselineskip=\dimen139
\IEEEnormaljot=\dimen140
LaTeX Font Info:    Font shape `OT1/ptm/bx/n' in size <5> not available
(Font)              Font shape `OT1/ptm/b/n' tried instead on input line 1090.
LaTeX Font Info:    Font shape `OT1/ptm/bx/it' in size <5> not available
(Font)              Font shape `OT1/ptm/b/it' tried instead on input line 1090.

LaTeX Font Info:    Font shape `OT1/ptm/bx/n' in size <7> not available
(Font)              Font shape `OT1/ptm/b/n' tried instead on input line 1090.
LaTeX Font Info:    Font shape `OT1/ptm/bx/it' in size <7> not available
(Font)              Font shape `OT1/ptm/b/it' tried instead on input line 1090.

LaTeX Font Info:    Font shape `OT1/ptm/bx/n' in size <8> not available
(Font)              Font shape `OT1/ptm/b/n' tried instead on input line 1090.
LaTeX Font Info:    Font shape `OT1/ptm/bx/it' in size <8> not available
(Font)              Font shape `OT1/ptm/b/it' tried instead on input line 1090.

LaTeX Font Info:    Font shape `OT1/ptm/bx/n' in size <9> not available
(Font)              Font shape `OT1/ptm/b/n' tried instead on input line 1090.
LaTeX Font Info:    Font shape `OT1/ptm/bx/it' in size <9> not available
(Font)              Font shape `OT1/ptm/b/it' tried instead on input line 1090.

LaTeX Font Info:    Font shape `OT1/ptm/bx/n' in size <10> not available
(Font)              Font shape `OT1/ptm/b/n' tried instead on input line 1090.
LaTeX Font Info:    Font shape `OT1/ptm/bx/it' in size <10> not available
(Font)              Font shape `OT1/ptm/b/it' tried instead on input line 1090.

LaTeX Font Info:    Font shape `OT1/ptm/bx/n' in size <11> not available
(Font)              Font shape `OT1/ptm/b/n' tried instead on input line 1090.
LaTeX Font Info:    Font shape `OT1/ptm/bx/it' in size <11> not available
(Font)              Font shape `OT1/ptm/b/it' tried instead on input line 1090.

LaTeX Font Info:    Font shape `OT1/ptm/bx/n' in size <12> not available
(Font)              Font shape `OT1/ptm/b/n' tried instead on input line 1090.
LaTeX Font Info:    Font shape `OT1/ptm/bx/it' in size <12> not available
(Font)              Font shape `OT1/ptm/b/it' tried instead on input line 1090.

LaTeX Font Info:    Font shape `OT1/ptm/bx/n' in size <17> not available
(Font)              Font shape `OT1/ptm/b/n' tried instead on input line 1090.
LaTeX Font Info:    Font shape `OT1/ptm/bx/it' in size <17> not available
(Font)              Font shape `OT1/ptm/b/it' tried instead on input line 1090.

LaTeX Font Info:    Font shape `OT1/ptm/bx/n' in size <20> not available
(Font)              Font shape `OT1/ptm/b/n' tried instead on input line 1090.
LaTeX Font Info:    Font shape `OT1/ptm/bx/it' in size <20> not available
(Font)              Font shape `OT1/ptm/b/it' tried instead on input line 1090.

LaTeX Font Info:    Font shape `OT1/ptm/bx/n' in size <24> not available
(Font)              Font shape `OT1/ptm/b/n' tried instead on input line 1090.
LaTeX Font Info:    Font shape `OT1/ptm/bx/it' in size <24> not available
(Font)              Font shape `OT1/ptm/b/it' tried instead on input line 1090.

\IEEEquantizedlength=\dimen141
\IEEEquantizedlengthdiff=\dimen142
\IEEEquantizedtextheightdiff=\dimen143
\IEEEilabelindentA=\dimen144
\IEEEilabelindentB=\dimen145
\IEEEilabelindent=\dimen146
\IEEEelabelindent=\dimen147
\IEEEdlabelindent=\dimen148
\IEEElabelindent=\dimen149
\IEEEiednormlabelsep=\dimen150
\IEEEiedmathlabelsep=\dimen151
\IEEEiedtopsep=\skip47
\c@section=\count170
\c@subsection=\count171
\c@subsubsection=\count172
\c@paragraph=\count173
\c@IEEEsubequation=\count174
\abovecaptionskip=\skip48
\belowcaptionskip=\skip49
\c@figure=\count175
\c@table=\count176
\@IEEEeqnnumcols=\count177
\@IEEEeqncolcnt=\count178
\@IEEEsubeqnnumrollback=\count179
\@IEEEquantizeheightA=\dimen152
\@IEEEquantizeheightB=\dimen153
\@IEEEquantizeheightC=\dimen154
\@IEEEquantizeprevdepth=\dimen155
\@IEEEquantizemultiple=\count180
\@IEEEquantizeboxA=\box45
\@IEEEtmpitemindent=\dimen156
\IEEEPARstartletwidth=\dimen157
\c@IEEEbiography=\count181
\@IEEEtranrubishbin=\box46
)
** ATTENTION: Overriding command lockouts (line 3).
("C:\Program Files\MiKTeX 2.9\tex/latex/cite\cite.sty"
LaTeX Info: Redefining \cite on input line 302.
LaTeX Info: Redefining \nocite on input line 332.
Package: cite 2015/02/27  v 5.5
)
("C:\Program Files\MiKTeX 2.9\tex/latex/graphics\graphicx.sty"
Package: graphicx 2019/11/30 v1.2a Enhanced LaTeX Graphics (DPC,SPQR)

("C:\Program Files\MiKTeX 2.9\tex/latex/graphics\keyval.sty"
Package: keyval 2014/10/28 v1.15 key=value parser (DPC)
\KV@toks@=\toks16
)
("C:\Program Files\MiKTeX 2.9\tex/latex/graphics\graphics.sty"
Package: graphics 2019/11/30 v1.4a Standard LaTeX Graphics (DPC,SPQR)

("C:\Program Files\MiKTeX 2.9\tex/latex/graphics\trig.sty"
Package: trig 2016/01/03 v1.10 sin cos tan (DPC)
)
("C:\Program Files\MiKTeX 2.9\tex/latex/graphics-cfg\graphics.cfg"
File: graphics.cfg 2016/06/04 v1.11 sample graphics configuration
)
Package graphics Info: Driver file: pdftex.def on input line 105.

("C:\Program Files\MiKTeX 2.9\tex/latex/graphics-def\pdftex.def"
File: pdftex.def 2018/01/08 v1.0l Graphics/color driver for pdftex
))
\Gin@req@height=\dimen158
\Gin@req@width=\dimen159
)
(C:\Users\josia\AppData\Roaming\MiKTeX\2.9\tex/latex/preprint\authblk.sty
Package: authblk 2001/02/27 1.3 (PWD)
\affilsep=\skip50
\@affilsep=\skip51
\c@Maxaffil=\count182
\c@authors=\count183
\c@affil=\count184
)
("C:\Program Files\MiKTeX 2.9\tex/latex/amsmath\amsmath.sty"
Package: amsmath 2020/01/20 v2.17e AMS math features
\@mathmargin=\skip52

For additional information on amsmath, use the `?' option.
("C:\Program Files\MiKTeX 2.9\tex/latex/amsmath\amstext.sty"
Package: amstext 2000/06/29 v2.01 AMS text

("C:\Program Files\MiKTeX 2.9\tex/latex/amsmath\amsgen.sty"
File: amsgen.sty 1999/11/30 v2.0 generic functions
\@emptytoks=\toks17
\ex@=\dimen160
))
("C:\Program Files\MiKTeX 2.9\tex/latex/amsmath\amsbsy.sty"
Package: amsbsy 1999/11/29 v1.2d Bold Symbols
\pmbraise@=\dimen161
)
("C:\Program Files\MiKTeX 2.9\tex/latex/amsmath\amsopn.sty"
Package: amsopn 2016/03/08 v2.02 operator names
)
\inf@bad=\count185
LaTeX Info: Redefining \frac on input line 227.
\uproot@=\count186
\leftroot@=\count187
LaTeX Info: Redefining \overline on input line 389.
\classnum@=\count188
\DOTSCASE@=\count189
LaTeX Info: Redefining \ldots on input line 486.
LaTeX Info: Redefining \dots on input line 489.
LaTeX Info: Redefining \cdots on input line 610.
\Mathstrutbox@=\box47
\strutbox@=\box48
\big@size=\dimen162
LaTeX Font Info:    Redeclaring font encoding OML on input line 733.
LaTeX Font Info:    Redeclaring font encoding OMS on input line 734.
\macc@depth=\count190
\c@MaxMatrixCols=\count191
\dotsspace@=\muskip16
\c@parentequation=\count192
\dspbrk@lvl=\count193
\tag@help=\toks18
\row@=\count194
\column@=\count195
\maxfields@=\count196
\andhelp@=\toks19
\eqnshift@=\dimen163
\alignsep@=\dimen164
\tagshift@=\dimen165
\tagwidth@=\dimen166
\totwidth@=\dimen167
\lineht@=\dimen168
\@envbody=\toks20
\multlinegap=\skip53
\multlinetaggap=\skip54
\mathdisplay@stack=\toks21
LaTeX Info: Redefining \[ on input line 2859.
LaTeX Info: Redefining \] on input line 2860.
)
("C:\Program Files\MiKTeX 2.9\tex/latex/amscls\amsthm.sty"
Package: amsthm 2020/05/29 v2.20.6
\thm@style=\toks22
\thm@bodyfont=\toks23
\thm@headfont=\toks24
\thm@notefont=\toks25
\thm@headpunct=\toks26
\thm@preskip=\skip55
\thm@postskip=\skip56
\thm@headsep=\skip57
\dth@everypar=\toks27
)
("C:\Program Files\MiKTeX 2.9\tex/latex/mathtools\mathtools.sty"
Package: mathtools 2020/03/24 v1.24 mathematical typesetting tools

("C:\Program Files\MiKTeX 2.9\tex/latex/tools\calc.sty"
Package: calc 2017/05/25 v4.3 Infix arithmetic (KKT,FJ)
\calc@Acount=\count197
\calc@Bcount=\count198
\calc@Adimen=\dimen169
\calc@Bdimen=\dimen170
\calc@Askip=\skip58
\calc@Bskip=\skip59
LaTeX Info: Redefining \setlength on input line 80.
LaTeX Info: Redefining \addtolength on input line 81.
\calc@Ccount=\count199
\calc@Cskip=\skip60
)
("C:\Program Files\MiKTeX 2.9\tex/latex/mathtools\mhsetup.sty"
Package: mhsetup 2017/03/31 v1.3 programming setup (MH)
)
LaTeX Info: Thecontrolsequence`\('isalreadyrobust on input line 130.
LaTeX Info: Thecontrolsequence`\)'isalreadyrobust on input line 130.
LaTeX Info: Thecontrolsequence`\['isalreadyrobust on input line 130.
LaTeX Info: Thecontrolsequence`\]'isalreadyrobust on input line 130.
\g_MT_multlinerow_int=\count266
\l_MT_multwidth_dim=\dimen171
\origjot=\skip61
\l_MT_shortvdotswithinadjustabove_dim=\dimen172
\l_MT_shortvdotswithinadjustbelow_dim=\dimen173
\l_MT_above_intertext_sep=\dimen174
\l_MT_below_intertext_sep=\dimen175
\l_MT_above_shortintertext_sep=\dimen176
\l_MT_below_shortintertext_sep=\dimen177
\xmathstrut@box=\box49
\xmathstrut@dim=\dimen178
)
("C:\Program Files\MiKTeX 2.9\tex/latex/tools\bm.sty"
Package: bm 2019/07/24 v1.2d Bold Symbol Support (DPC/FMi)
\symboldoperators=\mathgroup4
\symboldletters=\mathgroup5
\symboldsymbols=\mathgroup6
LaTeX Font Info:    Redeclaring math alphabet \mathbf on input line 141.
LaTeX Info: Redefining \bm on input line 209.
)
("C:\Program Files\MiKTeX 2.9\tex/latex/amsfonts\amsfonts.sty"
Package: amsfonts 2013/01/14 v3.01 Basic AMSFonts support
\symAMSa=\mathgroup7
\symAMSb=\mathgroup8
LaTeX Font Info:    Redeclaring math symbol \hbar on input line 98.
LaTeX Font Info:    Overwriting math alphabet `\mathfrak' in version `bold'
(Font)                  U/euf/m/n --> U/euf/b/n on input line 106.
)
("C:\Program Files\MiKTeX 2.9\tex/latex/amsfonts\amssymb.sty"
Package: amssymb 2013/01/14 v3.01 AMS font symbols
)
("C:\Program Files\MiKTeX 2.9\tex/latex/algorithm2e\algorithm2e.sty"
Package: algorithm2e 2017/07/18 v5.2 algorithms environments
\c@AlgoLine=\count267

("C:\Program Files\MiKTeX 2.9\tex/latex/base\ifthen.sty"
Package: ifthen 2014/09/29 v1.1c Standard LaTeX ifthen package (DPC)
)
\algocf@hangindent=\skip62

(C:\Users\josia\AppData\Roaming\MiKTeX\2.9\tex/latex/ifoddpage\ifoddpage.sty
Package: ifoddpage 2016/04/23 v1.1 Conditionals for odd/even page detection
\c@checkoddpage=\count268
)
("C:\Program Files\MiKTeX 2.9\tex/latex/tools\xspace.sty"
Package: xspace 2014/10/28 v1.13 Space after command names (DPC,MH)
)
("C:\Program Files\MiKTeX 2.9\tex/latex/relsize\relsize.sty"
Package: relsize 2013/03/29 ver 4.1
)
\skiptotal=\skip63
\skiplinenumber=\skip64
\skiprule=\skip65
\skiphlne=\skip66
\skiptext=\skip67
\skiplength=\skip68
\algomargin=\skip69
\skipalgocfslide=\skip70
\algowidth=\dimen179
\inoutsize=\dimen180
\inoutindent=\dimen181
\interspacetitleruled=\dimen182
\interspacealgoruled=\dimen183
\interspacetitleboxruled=\dimen184
\algocf@ruledwidth=\skip71
\algocf@inoutbox=\box50
\algocf@inputbox=\box51
\AlCapSkip=\skip72
\AlCapHSkip=\skip73
\algoskipindent=\skip74
\algocf@nlbox=\box52
\algocf@hangingbox=\box53
\algocf@untilbox=\box54
\algocf@skipuntil=\skip75
\algocf@capbox=\box55
\algocf@lcaptionbox=\skip76
\algoheightruledefault=\skip77
\algoheightrule=\skip78
\algotitleheightruledefault=\skip79
\algotitleheightrule=\skip80
\c@algocfline=\count269
\c@algocfproc=\count270
\c@algocf=\count271
\algocf@algoframe=\box56
\algocf@algobox=\box57
)
("C:\Program Files\MiKTeX 2.9\tex/latex/l3backend\l3backend-pdfmode.def"
File: l3backend-pdfmode.def 2020-06-03 L3 backend support: PDF mode
\l__kernel_color_stack_int=\count272
\l__pdf_internal_box=\box58
)
(Radar_Musical_Instrument_Paper.aux)
\openout1 = `Radar_Musical_Instrument_Paper.aux'.

LaTeX Font Info:    Checking defaults for OML/cmm/m/it on input line 24.
LaTeX Font Info:    ... okay on input line 24.
LaTeX Font Info:    Checking defaults for OMS/cmsy/m/n on input line 24.
LaTeX Font Info:    ... okay on input line 24.
LaTeX Font Info:    Checking defaults for OT1/cmr/m/n on input line 24.
LaTeX Font Info:    ... okay on input line 24.
LaTeX Font Info:    Checking defaults for T1/cmr/m/n on input line 24.
LaTeX Font Info:    ... okay on input line 24.
LaTeX Font Info:    Checking defaults for TS1/cmr/m/n on input line 24.
LaTeX Font Info:    ... okay on input line 24.
LaTeX Font Info:    Checking defaults for OMX/cmex/m/n on input line 24.
LaTeX Font Info:    ... okay on input line 24.
LaTeX Font Info:    Checking defaults for U/cmr/m/n on input line 24.
LaTeX Font Info:    ... okay on input line 24.

-- Lines per column: 58 (exact).
("C:\Program Files\MiKTeX 2.9\tex/context/base/mkii\supp-pdf.mkii"
[Loading MPS to PDF converter (version 2006.09.02).]
\scratchcounter=\count273
\scratchdimen=\dimen185
\scratchbox=\box59
\nofMPsegments=\count274
\nofMParguments=\count275
\everyMPshowfont=\toks28
\MPscratchCnt=\count276
\MPscratchDim=\dimen186
\MPnumerator=\count277
\makeMPintoPDFobject=\count278
\everyMPtoPDFconversion=\toks29
) ("C:\Program Files\MiKTeX 2.9\tex/latex/epstopdf-pkg\epstopdf-base.sty"
Package: epstopdf-base 2020-01-24 v2.11 Base part for package epstopdf
Package epstopdf-base Info: Redefining graphics rule for `.eps' on input line 4
85.
)
LaTeX Font Info:    Calculating math sizes for size <11> on input line 36.
LaTeX Font Info:    Trying to load font information for U+msa on input line 36.


("C:\Program Files\MiKTeX 2.9\tex/latex/amsfonts\umsa.fd"
File: umsa.fd 2013/01/14 v3.01 AMS symbols A
)
LaTeX Font Info:    Trying to load font information for U+msb on input line 36.


("C:\Program Files\MiKTeX 2.9\tex/latex/amsfonts\umsb.fd"
File: umsb.fd 2013/01/14 v3.01 AMS symbols B
)
Underfull \hbox (badness 4673) in paragraph at lines 43--45
[]\OT1/ptm/b/it/9 Index Terms\OT1/ptm/b/n/9 ---millimeter-wave (mmWave), multip
le-input
 []


Underfull \hbox (badness 4001) in paragraph at lines 50--51
[]\OT1/ptm/m/n/10 Radar per-cep-tion for human-computer in-ter-ac-tion on
 []

[1{C:/Users/josia/AppData/Local/MiKTeX/2.9/pdftex/config/pdftex.map}


]
<../Figures/MIMO_radar_musical_instrument_setup2.png, id=8, 440.14438pt x 619.3
1375pt>
File: ../Figures/MIMO_radar_musical_instrument_setup2.png Graphic file (type pn
g)
<use ../Figures/MIMO_radar_musical_instrument_setup2.png>
Package pdftex.def Info: ../Figures/MIMO_radar_musical_instrument_setup2.png  u
sed on input line 90.
(pdftex.def)             Requested size: 180.67499pt x 254.22267pt.


LaTeX Warning: `h' float specifier changed to `ht'.

[2] [3 <../Figures/MIMO_radar_musical_instrument_setup2.png>]
Underfull \hbox (badness 2111) in paragraph at lines 227--228
[]\OT1/ptm/m/n/10 The hard-ware setup con-sists of a Texas In-stru-ments
 []

[4]
<../Figures/data_retrieval_logic.png, id=32, 1340.00626pt x 411.5375pt>
File: ../Figures/data_retrieval_logic.png Graphic file (type png)
<use ../Figures/data_retrieval_logic.png>
Package pdftex.def Info: ../Figures/data_retrieval_logic.png  used on input lin
e 237.
(pdftex.def)             Requested size: 260.17244pt x 79.90097pt.

Overfull \hbox (8.17244pt too wide) in paragraph at lines 237--238
 [][] 
 []

<../Figures/MATLAB_GUI_2.jpg, id=33, 938.00438pt x 823.57687pt>
File: ../Figures/MATLAB_GUI_2.jpg Graphic file (type jpg)
<use ../Figures/MATLAB_GUI_2.jpg>
Package pdftex.def Info: ../Figures/MATLAB_GUI_2.jpg  used on input line 246.
(pdftex.def)             Requested size: 216.81pt x 190.36119pt.
[5 <../Figures/data_retrieval_logic.png> <../Figures/MATLAB_GUI_2.jpg>]
<../Figures/simple_RMI.jpg, id=38, 861.71938pt x 599.74063pt>
File: ../Figures/simple_RMI.jpg Graphic file (type jpg)
<use ../Figures/simple_RMI.jpg>
Package pdftex.def Info: ../Figures/simple_RMI.jpg  used on input line 269.
(pdftex.def)             Requested size: 238.49121pt x 165.98615pt.


LaTeX Warning: `h' float specifier changed to `ht'.

[6 <../Figures/simple_RMI.jpg>]
<../Figures/particle_filter_resample.png, id=43, 1797.71625pt x 1018.55531pt>
File: ../Figures/particle_filter_resample.png Graphic file (type png)
<use ../Figures/particle_filter_resample.png>
Package pdftex.def Info: ../Figures/particle_filter_resample.png  used on input
 line 309.
(pdftex.def)             Requested size: 238.49121pt x 135.12112pt.


LaTeX Warning: `h' float specifier changed to `ht'.

[7 <../Figures/particle_filter_resample.png>]
<../Figures/fcnn_architecture.jpg, id=53, 459.96844pt x 890.5772pt>
File: ../Figures/fcnn_architecture.jpg Graphic file (type jpg)
<use ../Figures/fcnn_architecture.jpg>
Package pdftex.def Info: ../Figures/fcnn_architecture.jpg  used on input line 3
54.
(pdftex.def)             Requested size: 101.17755pt x 195.88683pt.
<../Figures/enhanced_RMI.jpg, id=54, 1010.27437pt x 668.99937pt>
File: ../Figures/enhanced_RMI.jpg Graphic file (type jpg)
<use ../Figures/enhanced_RMI.jpg>
Package pdftex.def Info: ../Figures/enhanced_RMI.jpg  used on input line 372.
(pdftex.def)             Requested size: 238.49121pt x 157.91924pt.


LaTeX Warning: `h' float specifier changed to `ht'.

[8 <../Figures/fcnn_architecture.jpg>]
<../Figures/ideal_motion.jpg, id=58, 969.6225pt x 801.74532pt>
File: ../Figures/ideal_motion.jpg Graphic file (type jpg)
<use ../Figures/ideal_motion.jpg>
Package pdftex.def Info: ../Figures/ideal_motion.jpg  used on input line 388.
(pdftex.def)             Requested size: 238.49121pt x 197.19392pt.
<../Figures/simple_motion.jpg, id=59, 967.36406pt x 799.48688pt>
File: ../Figures/simple_motion.jpg Graphic file (type jpg)
<use ../Figures/simple_motion.jpg>
Package pdftex.def Info: ../Figures/simple_motion.jpg  used on input line 403.
(pdftex.def)             Requested size: 238.49121pt x 197.102pt.

Underfull \hbox (badness 10000) in paragraph at lines 408--408
[][][]\OT1/ptm/m/n/8 Supplemental ma-te-rial for the reader can be down-loaded 
at
 []

<../Figures/pf_motion.jpg, id=60, 966.61125pt x 1201.48875pt>
File: ../Figures/pf_motion.jpg Graphic file (type jpg)
<use ../Figures/pf_motion.jpg>
Package pdftex.def Info: ../Figures/pf_motion.jpg  used on input line 416.
(pdftex.def)             Requested size: 238.49121pt x 296.42981pt.

LaTeX Warning: `h' float specifier changed to `ht'.

[9 <../Figures/enhanced_RMI.jpg> <../Figures/ideal_motion.jpg> <../Figures/simp
le_motion.jpg>]
Underfull \hbox (badness 1635) in paragraph at lines 423--424
[]\OT1/ptm/m/n/10 Next, the Doppler-corroborated mod-i-fied par-ti-cle fil-ter
 []

<../Figures/trainingLocations.jpg, id=64, 562.1pt x 421.575pt>
File: ../Figures/trainingLocations.jpg Graphic file (type jpg)
<use ../Figures/trainingLocations.jpg>
Package pdftex.def Info: ../Figures/trainingLocations.jpg  used on input line 4
29.
(pdftex.def)             Requested size: 202.35622pt x 151.76688pt.
<../Figures/fcnn_results.jpg, id=65, 1256.44406pt x 1318.17468pt>
File: ../Figures/fcnn_results.jpg Graphic file (type jpg)
<use ../Figures/fcnn_results.jpg>
Package pdftex.def Info: ../Figures/fcnn_results.jpg  used on input line 438.
(pdftex.def)             Requested size: 238.49121pt x 250.19432pt.
[10 <../Figures/pf_motion.jpg> <../Figures/trainingLocations.jpg> <../Figures/f
cnn_results.jpg>]
<../Figures/dopplerSNR.jpg, id=70, 393.06561pt x 294.27928pt>
File: ../Figures/dopplerSNR.jpg Graphic file (type jpg)
<use ../Figures/dopplerSNR.jpg>
Package pdftex.def Info: ../Figures/dopplerSNR.jpg  used on input line 464.
(pdftex.def)             Requested size: 216.81pt x 162.32109pt.
<../Figures/fcnn_dpf_motion.jpg, id=71, 963.6pt x 801.74532pt>
File: ../Figures/fcnn_dpf_motion.jpg Graphic file (type jpg)
<use ../Figures/fcnn_dpf_motion.jpg>
Package pdftex.def Info: ../Figures/fcnn_dpf_motion.jpg  used on input line 475
.
(pdftex.def)             Requested size: 238.49121pt x 198.42952pt.

Overfull \hbox (7.54857pt too wide) in paragraph at lines 487--505
 [][] 
 []

[11 <../Figures/dopplerSNR.jpg> <../Figures/fcnn_dpf_motion.jpg>] [12]
(Radar_Musical_Instrument_Paper.bbl
Underfull \hbox (badness 3364) in paragraph at lines 48--51
[]\OT1/ptm/m/n/8 ``Project soli- google atap.'' [On-line]. Avail-able:
 []

) [13] (Radar_Musical_Instrument_Paper.aux) ) 
Here is how much of TeX's memory you used:
 5203 strings out of 480763
 81542 string characters out of 2904059
 337492 words of memory out of 3000000
 21136 multiletter control sequences out of 15000+200000
 583081 words of font info for 131 fonts, out of 3000000 for 9000
 1141 hyphenation exceptions out of 8191
 30i,11n,27p,1864b,427s stack positions out of 5000i,500n,10000p,200000b,50000s
{C:/Program Files/MiKTeX 2.9/fonts
/enc/dvips/base/8r.enc}<C:/Program Files/MiKTeX 2.9/fonts/type1/public/amsfonts
/cm/cmbx10.pfb><C:/Program Files/MiKTeX 2.9/fonts/type1/public/amsfonts/cm/cmex
10.pfb><C:/Program Files/MiKTeX 2.9/fonts/type1/public/amsfonts/cm/cmmi10.pfb><
C:/Program Files/MiKTeX 2.9/fonts/type1/public/amsfonts/cm/cmmi5.pfb><C:/Progra
m Files/MiKTeX 2.9/fonts/type1/public/amsfonts/cm/cmmi6.pfb><C:/Program Files/M
iKTeX 2.9/fonts/type1/public/amsfonts/cm/cmmi7.pfb><C:/Program Files/MiKTeX 2.9
/fonts/type1/public/amsfonts/cm/cmmi8.pfb><C:/Program Files/MiKTeX 2.9/fonts/ty
pe1/public/amsfonts/cm/cmmib10.pfb><C:/Program Files/MiKTeX 2.9/fonts/type1/pub
lic/amsfonts/cmextra/cmmib8.pfb><C:/Program Files/MiKTeX 2.9/fonts/type1/public
/amsfonts/cm/cmr10.pfb><C:/Program Files/MiKTeX 2.9/fonts/type1/public/amsfonts
/cm/cmr5.pfb><C:/Program Files/MiKTeX 2.9/fonts/type1/public/amsfonts/cm/cmr6.p
fb><C:/Program Files/MiKTeX 2.9/fonts/type1/public/amsfonts/cm/cmr7.pfb><C:/Pro
gram Files/MiKTeX 2.9/fonts/type1/public/amsfonts/cm/cmr8.pfb><C:/Program Files
/MiKTeX 2.9/fonts/type1/public/amsfonts/cm/cmsy10.pfb><C:/Program Files/MiKTeX 
2.9/fonts/type1/public/amsfonts/cm/cmsy5.pfb><C:/Program Files/MiKTeX 2.9/fonts
/type1/public/amsfonts/cm/cmsy7.pfb><C:/Program Files/MiKTeX 2.9/fonts/type1/ur
w/times/utmb8a.pfb><C:/Program Files/MiKTeX 2.9/fonts/type1/urw/times/utmbi8a.p
fb><C:/Program Files/MiKTeX 2.9/fonts/type1/urw/times/utmr8a.pfb><C:/Program Fi
les/MiKTeX 2.9/fonts/type1/urw/times/utmri8a.pfb>
Output written on Radar_Musical_Instrument_Paper.pdf (13 pages, 2794866 bytes).

PDF statistics:
 148 PDF objects out of 1000 (max. 8388607)
 0 named destinations out of 1000 (max. 500000)
 71 words of extra memory for PDF output out of 10000 (max. 10000000)

