E:\M9\STUDIO\DEBUG\新建文件夹\AMC4030_DEMON_V3.0\RELEASE\AMC4030_DEMON.PCH
E:\M9\STUDIO\DEBUG\新建文件夹\AMC4030_DEMON_V3.0\RELEASE\STDAFX.OBJ
E:\M9\STUDIO\DEBUG\新建文件夹\AMC4030_DEMON_V3.0\RELEASE\VC110.PDB
E:\M9\STUDIO\DEBUG\新建文件夹\AMC4030_DEMON_V3.0\RELEASE\SYSPARAMPAD.OBJ
E:\M9\STUDIO\DEBUG\新建文件夹\AMC4030_DEMON_V3.0\RELEASE\SYSTEMPARAM.OBJ
E:\M9\STUDIO\DEBUG\新建文件夹\AMC4030_DEMON_V3.0\RELEASE\INIFILE.OBJ
E:\M9\STUDIO\DEBUG\新建文件夹\AMC4030_DEMON_V3.0\RELEASE\BTNST.OBJ
E:\M9\STUDIO\DEBUG\新建文件夹\AMC4030_DEMON_V3.0\RELEASE\MYBUTTON.OBJ
E:\M9\STUDIO\DEBUG\新建文件夹\AMC4030_DEMON_V3.0\RELEASE\MYABOUT.OBJ
E:\M9\STUDIO\DEBUG\新建文件夹\AMC4030_DEMON_V3.0\RELEASE\MANUALPAD.OBJ
E:\M9\STUDIO\DEBUG\新建文件夹\AMC4030_DEMON_V3.0\RELEASE\CALPULSEFACTOR.OBJ
E:\M9\STUDIO\DEBUG\新建文件夹\AMC4030_DEMON_V3.0\RELEASE\AMC4030_DEMONDLG.OBJ
E:\M9\STUDIO\DEBUG\新建文件夹\AMC4030_DEMON_V3.0\RELEASE\AMC4030_DEMON.OBJ
E:\M9\STUDIO\DEBUG\新建文件夹\AMC4030_DEMON_V3.0\RELEASE\AMC4030DLL.OBJ
E:\M9\STUDIO\DEBUG\新建文件夹\OUTPUT\AMC4030_DEMON.EXE
E:\M9\STUDIO\DEBUG\新建文件夹\OUTPUT\AMC4030_DEMON.PDB
E:\M9\STUDIO\DEBUG\新建文件夹\AMC4030_DEMON_V3.0\RELEASE\AMC4030_DEMON.RES
E:\M9\Studio\Debug\新建文件夹\AMC4030_Demon_v3.0\Release\AMC4030DLL.obj
E:\M9\Studio\Debug\新建文件夹\AMC4030_Demon_v3.0\Release\AMC4030_Demon.obj
E:\M9\Studio\Debug\新建文件夹\AMC4030_Demon_v3.0\Release\AMC4030_DemonDlg.obj
E:\M9\Studio\Debug\新建文件夹\AMC4030_Demon_v3.0\Release\BtnST.obj
E:\M9\Studio\Debug\新建文件夹\AMC4030_Demon_v3.0\Release\CalPulseFactor.obj
E:\M9\Studio\Debug\新建文件夹\AMC4030_Demon_v3.0\Release\inifile.obj
E:\M9\Studio\Debug\新建文件夹\AMC4030_Demon_v3.0\Release\ManualPad.obj
E:\M9\Studio\Debug\新建文件夹\AMC4030_Demon_v3.0\Release\MyAbout.obj
E:\M9\Studio\Debug\新建文件夹\AMC4030_Demon_v3.0\Release\MyButton.obj
E:\M9\Studio\Debug\新建文件夹\AMC4030_Demon_v3.0\Release\stdafx.obj
E:\M9\Studio\Debug\新建文件夹\AMC4030_Demon_v3.0\Release\SysParamPad.obj
E:\M9\Studio\Debug\新建文件夹\AMC4030_Demon_v3.0\Release\SystemParam.obj
E:\M9\Studio\Debug\新建文件夹\AMC4030_Demon_v3.0\Release\cl.command.1.tlog
E:\M9\Studio\Debug\新建文件夹\AMC4030_Demon_v3.0\Release\CL.read.1.tlog
E:\M9\Studio\Debug\新建文件夹\AMC4030_Demon_v3.0\Release\CL.write.1.tlog
E:\M9\Studio\Debug\新建文件夹\AMC4030_Demon_v3.0\Release\link-cvtres.read.1.tlog
E:\M9\Studio\Debug\新建文件夹\AMC4030_Demon_v3.0\Release\link-cvtres.write.1.tlog
E:\M9\Studio\Debug\新建文件夹\AMC4030_Demon_v3.0\Release\link-mt.read.1.tlog
E:\M9\Studio\Debug\新建文件夹\AMC4030_Demon_v3.0\Release\link-mt.write.1.tlog
E:\M9\Studio\Debug\新建文件夹\AMC4030_Demon_v3.0\Release\link-rc.read.1.tlog
E:\M9\Studio\Debug\新建文件夹\AMC4030_Demon_v3.0\Release\link-rc.write.1.tlog
E:\M9\Studio\Debug\新建文件夹\AMC4030_Demon_v3.0\Release\link.command.1.tlog
E:\M9\Studio\Debug\新建文件夹\AMC4030_Demon_v3.0\Release\link.read.1.tlog
E:\M9\Studio\Debug\新建文件夹\AMC4030_Demon_v3.0\Release\link.write.1.tlog
E:\M9\Studio\Debug\新建文件夹\AMC4030_Demon_v3.0\Release\rc.command.1.tlog
E:\M9\Studio\Debug\新建文件夹\AMC4030_Demon_v3.0\Release\rc.read.1.tlog
E:\M9\Studio\Debug\新建文件夹\AMC4030_Demon_v3.0\Release\rc.write.1.tlog
E:\M9\Studio\Debug\新建文件夹\AMC4030_Demon_v3.0\Release\AMC4030_Demon.res
E:\M9\Studio\Debug\新建文件夹\AMC4030_Demon_v3.0\Release\AMC4030_Demon.pch
E:\M9\Studio\Debug\新建文件夹\AMC4030_Demon_v3.0\Release\vc110.pdb
