E:\M9\STUDIO\DEBUG\AMC4030_DEMON_V3.0\DEBUG\AMC4030_DEMON.PCH
E:\M9\STUDIO\DEBUG\AMC4030_DEMON_V3.0\DEBUG\STDAFX.OBJ
E:\M9\STUDIO\DEBUG\AMC4030_DEMON_V3.0\DEBUG\VC110.PDB
E:\M9\STUDIO\DEBUG\AMC4030_DEMON_V3.0\DEBUG\AMC4030DLL.OBJ
E:\M9\STUDIO\DEBUG\AMC4030_DEMON_V3.0\DEBUG\AMC4030_DEMON.OBJ
E:\M9\STUDIO\DEBUG\AMC4030_DEMON_V3.0\DEBUG\AMC4030_DEMONDLG.OBJ
E:\M9\STUDIO\DEBUG\AMC4030_DEMON_V3.0\DEBUG\CALPULSEFACTOR.OBJ
E:\M9\STUDIO\DEBUG\AMC4030_DEMON_V3.0\DEBUG\MANUALPAD.OBJ
E:\M9\STUDIO\DEBUG\AMC4030_DEMON_V3.0\DEBUG\MYABOUT.OBJ
E:\M9\STUDIO\DEBUG\AMC4030_DEMON_V3.0\DEBUG\MYBUTTON.OBJ
E:\M9\STUDIO\DEBUG\AMC4030_DEMON_V3.0\DEBUG\BTNST.OBJ
E:\M9\STUDIO\DEBUG\AMC4030_DEMON_V3.0\DEBUG\SYSTEMPARAM.OBJ
E:\M9\STUDIO\DEBUG\AMC4030_DEMON_V3.0\DEBUG\INIFILE.OBJ
E:\M9\STUDIO\DEBUG\AMC4030_DEMON_V3.0\DEBUG\SYSPARAMPAD.OBJ
E:\M9\STUDIO\DEBUG\OUTPUT\AMC4030_DEMON.ILK
E:\M9\STUDIO\DEBUG\OUTPUT\AMC4030_DEMON.EXE
E:\M9\STUDIO\DEBUG\OUTPUT\AMC4030_DEMON.PDB
E:\M9\STUDIO\DEBUG\AMC4030_DEMON_V3.0\DEBUG\AMC4030_DEMON.RES
E:\M9\Studio\Debug\新建文件夹\AMC4030_Demon_v3.0\Debug\AMC4030DLL.obj
E:\M9\Studio\Debug\新建文件夹\AMC4030_Demon_v3.0\Debug\AMC4030_Demon.obj
E:\M9\Studio\Debug\新建文件夹\AMC4030_Demon_v3.0\Debug\AMC4030_DemonDlg.obj
E:\M9\Studio\Debug\新建文件夹\AMC4030_Demon_v3.0\Debug\BtnST.obj
E:\M9\Studio\Debug\新建文件夹\AMC4030_Demon_v3.0\Debug\CalPulseFactor.obj
E:\M9\Studio\Debug\新建文件夹\AMC4030_Demon_v3.0\Debug\inifile.obj
E:\M9\Studio\Debug\新建文件夹\AMC4030_Demon_v3.0\Debug\ManualPad.obj
E:\M9\Studio\Debug\新建文件夹\AMC4030_Demon_v3.0\Debug\MyAbout.obj
E:\M9\Studio\Debug\新建文件夹\AMC4030_Demon_v3.0\Debug\MyButton.obj
E:\M9\Studio\Debug\新建文件夹\AMC4030_Demon_v3.0\Debug\stdafx.obj
E:\M9\Studio\Debug\新建文件夹\AMC4030_Demon_v3.0\Debug\SysParamPad.obj
E:\M9\Studio\Debug\新建文件夹\AMC4030_Demon_v3.0\Debug\SystemParam.obj
E:\M9\Studio\Debug\新建文件夹\AMC4030_Demon_v3.0\Debug\cl.command.1.tlog
E:\M9\Studio\Debug\新建文件夹\AMC4030_Demon_v3.0\Debug\CL.read.1.tlog
E:\M9\Studio\Debug\新建文件夹\AMC4030_Demon_v3.0\Debug\CL.write.1.tlog
E:\M9\Studio\Debug\新建文件夹\AMC4030_Demon_v3.0\Debug\link-cvtres.read.1.tlog
E:\M9\Studio\Debug\新建文件夹\AMC4030_Demon_v3.0\Debug\link-cvtres.write.1.tlog
E:\M9\Studio\Debug\新建文件夹\AMC4030_Demon_v3.0\Debug\link-mt.read.1.tlog
E:\M9\Studio\Debug\新建文件夹\AMC4030_Demon_v3.0\Debug\link-mt.write.1.tlog
E:\M9\Studio\Debug\新建文件夹\AMC4030_Demon_v3.0\Debug\link-rc.read.1.tlog
E:\M9\Studio\Debug\新建文件夹\AMC4030_Demon_v3.0\Debug\link-rc.write.1.tlog
E:\M9\Studio\Debug\新建文件夹\AMC4030_Demon_v3.0\Debug\link.command.1.tlog
E:\M9\Studio\Debug\新建文件夹\AMC4030_Demon_v3.0\Debug\link.read.1.tlog
E:\M9\Studio\Debug\新建文件夹\AMC4030_Demon_v3.0\Debug\link.write.1.tlog
E:\M9\Studio\Debug\新建文件夹\AMC4030_Demon_v3.0\Debug\rc.command.1.tlog
E:\M9\Studio\Debug\新建文件夹\AMC4030_Demon_v3.0\Debug\rc.read.1.tlog
E:\M9\Studio\Debug\新建文件夹\AMC4030_Demon_v3.0\Debug\rc.write.1.tlog
E:\M9\Studio\Debug\新建文件夹\AMC4030_Demon_v3.0\Debug\AMC4030_Demon.res
E:\M9\Studio\Debug\新建文件夹\AMC4030_Demon_v3.0\Debug\AMC4030_Demon.pch
E:\M9\Studio\Debug\新建文件夹\AMC4030_Demon_v3.0\Debug\vc110.idb
E:\M9\Studio\Debug\新建文件夹\AMC4030_Demon_v3.0\Debug\vc110.pdb
